2025-05-25T21:47:56.119+05:30  INFO 7576 --- [Address_Book] [restartedMain] com.addressbook.AddressBookApplication   : Starting AddressBookApplication using Java 21.0.6 with PID 7576 (C:\Users\Sriii\Documents\workspace-spring-tools-for-eclipse-4.30.0.RELEASE\Address_Book\target\classes started by Sriii in C:\Users\Sriii\Documents\workspace-spring-tools-for-eclipse-4.30.0.RELEASE\Address_Book)
2025-05-25T21:47:56.121+05:30  INFO 7576 --- [Address_Book] [restartedMain] com.addressbook.AddressBookApplication   : No active profile set, falling back to 1 default profile: "default"
2025-05-25T21:47:56.155+05:30  INFO 7576 --- [Address_Book] [restartedMain] .e.DevToolsPropertyDefaultsPostProcessor : Devtools property defaults active! Set 'spring.devtools.add-properties' to 'false' to disable
2025-05-25T21:47:56.155+05:30  INFO 7576 --- [Address_Book] [restartedMain] .e.DevToolsPropertyDefaultsPostProcessor : For additional web related logging consider setting the 'logging.level.web' property to 'DEBUG'
2025-05-25T21:47:56.614+05:30  INFO 7576 --- [Address_Book] [restartedMain] .s.d.r.c.RepositoryConfigurationDelegate : Bootstrapping Spring Data JPA repositories in DEFAULT mode.
2025-05-25T21:47:56.661+05:30  INFO 7576 --- [Address_Book] [restartedMain] .s.d.r.c.RepositoryConfigurationDelegate : Finished Spring Data repository scanning in 34 ms. Found 1 JPA repository interface.
2025-05-25T21:47:57.005+05:30  INFO 7576 --- [Address_Book] [restartedMain] o.s.b.w.embedded.tomcat.TomcatWebServer  : Tomcat initialized with port 8080 (http)
2025-05-25T21:47:57.017+05:30  INFO 7576 --- [Address_Book] [restartedMain] o.apache.catalina.core.StandardService   : Starting service [Tomcat]
2025-05-25T21:47:57.018+05:30  INFO 7576 --- [Address_Book] [restartedMain] o.apache.catalina.core.StandardEngine    : Starting Servlet engine: [Apache Tomcat/10.1.40]
2025-05-25T21:47:57.057+05:30  INFO 7576 --- [Address_Book] [restartedMain] o.a.c.c.C.[Tomcat].[localhost].[/]       : Initializing Spring embedded WebApplicationContext
2025-05-25T21:47:57.057+05:30  INFO 7576 --- [Address_Book] [restartedMain] w.s.c.ServletWebServerApplicationContext : Root WebApplicationContext: initialization completed in 901 ms
2025-05-25T21:47:57.182+05:30  INFO 7576 --- [Address_Book] [restartedMain] o.hibernate.jpa.internal.util.LogHelper  : HHH000204: Processing PersistenceUnitInfo [name: default]
2025-05-25T21:47:57.231+05:30  INFO 7576 --- [Address_Book] [restartedMain] org.hibernate.Version                    : HHH000412: Hibernate ORM core version 6.6.13.Final
2025-05-25T21:47:57.260+05:30  INFO 7576 --- [Address_Book] [restartedMain] o.h.c.internal.RegionFactoryInitiator    : HHH000026: Second-level cache disabled
2025-05-25T21:47:57.493+05:30  INFO 7576 --- [Address_Book] [restartedMain] o.s.o.j.p.SpringPersistenceUnitInfo      : No LoadTimeWeaver setup: ignoring JPA class transformer
2025-05-25T21:47:57.517+05:30  INFO 7576 --- [Address_Book] [restartedMain] com.zaxxer.hikari.HikariDataSource       : HikariPool-1 - Starting...
2025-05-25T21:47:57.806+05:30  INFO 7576 --- [Address_Book] [restartedMain] com.zaxxer.hikari.pool.HikariPool        : HikariPool-1 - Added connection com.mysql.cj.jdbc.ConnectionImpl@667cbe9d
2025-05-25T21:47:57.808+05:30  INFO 7576 --- [Address_Book] [restartedMain] com.zaxxer.hikari.HikariDataSource       : HikariPool-1 - Start completed.
2025-05-25T21:47:57.850+05:30  WARN 7576 --- [Address_Book] [restartedMain] org.hibernate.orm.deprecation            : HHH90000025: MySQL8Dialect does not need to be specified explicitly using 'hibernate.dialect' (remove the property setting and it will be selected by default)
2025-05-25T21:47:57.851+05:30  WARN 7576 --- [Address_Book] [restartedMain] org.hibernate.orm.deprecation            : HHH90000026: MySQL8Dialect has been deprecated; use org.hibernate.dialect.MySQLDialect instead
2025-05-25T21:47:57.866+05:30  INFO 7576 --- [Address_Book] [restartedMain] org.hibernate.orm.connections.pooling    : HHH10001005: Database info:
	Database JDBC URL [Connecting through datasource 'HikariDataSource (HikariPool-1)']
	Database driver: undefined/unknown
	Database version: 8.0
	Autocommit mode: undefined/unknown
	Isolation level: undefined/unknown
	Minimum pool size: undefined/unknown
	Maximum pool size: undefined/unknown
2025-05-25T21:47:58.498+05:30  INFO 7576 --- [Address_Book] [restartedMain] o.h.e.t.j.p.i.JtaPlatformInitiator       : HHH000489: No JTA platform available (set 'hibernate.transaction.jta.platform' to enable JTA platform integration)
2025-05-25T21:47:58.543+05:30  INFO 7576 --- [Address_Book] [restartedMain] j.LocalContainerEntityManagerFactoryBean : Initialized JPA EntityManagerFactory for persistence unit 'default'
2025-05-25T21:47:58.730+05:30  WARN 7576 --- [Address_Book] [restartedMain] JpaBaseConfiguration$JpaWebConfiguration : spring.jpa.open-in-view is enabled by default. Therefore, database queries may be performed during view rendering. Explicitly configure spring.jpa.open-in-view to disable this warning
2025-05-25T21:47:58.762+05:30  INFO 7576 --- [Address_Book] [restartedMain] o.s.v.b.OptionalValidatorFactoryBean     : Failed to set up a Bean Validation provider: jakarta.validation.NoProviderFoundException: Unable to create a Configuration, because no Jakarta Bean Validation provider could be found. Add a provider like Hibernate Validator (RI) to your classpath.
2025-05-25T21:47:58.945+05:30  INFO 7576 --- [Address_Book] [restartedMain] o.s.b.a.h2.H2ConsoleAutoConfiguration    : H2 console available at '/h2-console'. Database available at 'jdbc:mysql://localhost:3306/addressbookdb'
2025-05-25T21:47:58.990+05:30  INFO 7576 --- [Address_Book] [restartedMain] o.s.b.d.a.OptionalLiveReloadServer       : LiveReload server is running on port 35729
2025-05-25T21:47:59.021+05:30  INFO 7576 --- [Address_Book] [restartedMain] o.s.b.w.embedded.tomcat.TomcatWebServer  : Tomcat started on port 8080 (http) with context path '/'
2025-05-25T21:47:59.028+05:30  INFO 7576 --- [Address_Book] [restartedMain] com.addressbook.AddressBookApplication   : Started AddressBookApplication in 3.233 seconds (process running for 3.757)
2025-05-25T21:48:03.508+05:30  INFO 7576 --- [Address_Book] [RMI TCP Connection(5)-127.0.0.1] inMXBeanRegistrar$SpringApplicationAdmin : Application shutdown requested.
2025-05-25T21:48:03.510+05:30  INFO 7576 --- [Address_Book] [RMI TCP Connection(5)-127.0.0.1] o.s.b.w.e.tomcat.GracefulShutdown        : Commencing graceful shutdown. Waiting for active requests to complete
2025-05-25T21:48:03.522+05:30  INFO 7576 --- [Address_Book] [tomcat-shutdown] o.s.b.w.e.tomcat.GracefulShutdown        : Graceful shutdown complete
2025-05-25T21:48:03.525+05:30  INFO 7576 --- [Address_Book] [RMI TCP Connection(5)-127.0.0.1] j.LocalContainerEntityManagerFactoryBean : Closing JPA EntityManagerFactory for persistence unit 'default'
2025-05-25T21:48:03.527+05:30  INFO 7576 --- [Address_Book] [RMI TCP Connection(5)-127.0.0.1] com.zaxxer.hikari.HikariDataSource       : HikariPool-1 - Shutdown initiated...
2025-05-25T21:48:03.532+05:30  INFO 7576 --- [Address_Book] [RMI TCP Connection(5)-127.0.0.1] com.zaxxer.hikari.HikariDataSource       : HikariPool-1 - Shutdown completed.
